
================================================================
======== txAdmin Starting - 2/27/2023, 12:31:00 AM              
================================================================
[00:31:31][chillbayy] created admins file
[00:31:37][chillbayy] logged in from 127.0.0.1 via citizenfx
[00:31:51][chillbayy] Changing global settings via setup stepper and started Deployer.
[00:31:52][chillbayy] Setting recipe.
[00:32:55][chillbayy] Running recipe.
[00:35:46][chillbayy] Completed and committed server deploy.
[00:36:26][chillbayy] executed "RESTART SERVER"
[00:37:18][chillbayy] executed "RESTART SERVER"
[00:38:23][MONITOR] Restarting server (server failed to start within time limit - 60s, no onResourceStarting received).
[00:39:22][chillbayy] executed "RESTART SERVER"

================================================================
======== txAdmin Starting - 2/27/2023, 12:48:15 AM              
================================================================
[00:48:25][chillbayy] logged in from 127.0.0.1 via password
[00:48:36][chillbayy] Editing user 'chillbayy'.
[00:49:36][chillbayy] executed "RESTART SERVER"
[00:50:57][chillbayy] logged in via in-game ui

================================================================
======== txAdmin Starting - 2/27/2023, 1:33:39 AM               
================================================================
[01:34:57][chillbayy] logged in via in-game ui

================================================================
======== txAdmin Starting - 2/27/2023, 1:48:17 AM               
================================================================
[01:50:30][chillbayy] logged in via in-game ui

================================================================
======== txAdmin Starting - 2/27/2023, 1:56:40 AM               
================================================================
[01:58:01][chillbayy] logged in via in-game ui

================================================================
======== txAdmin Starting - 2/27/2023, 2:06:54 AM               
================================================================

================================================================
======== txAdmin Starting - 2/27/2023, 2:11:33 AM               
================================================================
[02:12:27][chillbayy] logged in via in-game ui

================================================================
======== txAdmin Starting - 2/27/2023, 2:21:46 AM               
================================================================
[02:22:58][chillbayy] logged in via in-game ui

================================================================
======== txAdmin Starting - 2/27/2023, 2:30:40 AM               
================================================================
[02:31:35][chillbayy] logged in via in-game ui

================================================================
======== txAdmin Starting - 2/27/2023, 6:54:32 AM               
================================================================

================================================================
======== txAdmin Starting - 2/27/2023, 6:54:54 AM               
================================================================
[06:56:09][chillbayy] logged in via in-game ui

================================================================
======== txAdmin Starting - 2/27/2023, 6:57:47 AM               
================================================================

================================================================
======== txAdmin Starting - 2/27/2023, 6:58:21 AM               
================================================================
[06:59:27][chillbayy] logged in via in-game ui
[07:08:46][chillbayy] logged in via in-game ui
