
================================================================
======== txAdmin Starting - 2/27/2023, 12:31:00 AM              
================================================================
[12:39:32 AM] txAdmin: Logger started
[12:42:07 AM] [38Cac#1] bayy: joined with identifiers [license:854ee8318dc8a6d2587ec081ec7d55afcd163694; live:985155205863489; discord:755398562564538389; license2:854ee8318dc8a6d2587ec081ec7d55afcd163694]
[12:43:18 AM] [38Cac#1] bayy: disconnected (Exiting)

================================================================
======== txAdmin Starting - 2/27/2023, 12:48:15 AM              
================================================================
[12:48:28 AM] txAdmin: Logger started
[12:49:45 AM] txAdmin: Logger started
[12:50:38 AM] [GiyCL#1] bayy: joined with identifiers [license:854ee8318dc8a6d2587ec081ec7d55afcd163694; live:985155205863489; discord:755398562564538389; license2:854ee8318dc8a6d2587ec081ec7d55afcd163694]
[12:52:08 AM] [GiyCL#1] bayy: spawned a vehicle (model: sc1)
[12:52:19 AM] [GiyCL#1] bayy: died from suicide (Falling)
[12:52:20 AM] [GiyCL#1] bayy: disconnected (Exiting)

================================================================
======== txAdmin Starting - 2/27/2023, 1:33:39 AM               
================================================================
[1:33:45 AM] txAdmin: Logger started
[1:34:31 AM] [VUczC#1] bayy: joined with identifiers [license:854ee8318dc8a6d2587ec081ec7d55afcd163694; live:985155205863489; discord:755398562564538389; license2:854ee8318dc8a6d2587ec081ec7d55afcd163694]
[1:35:06 AM] [VUczC#1] bayy: died from suicide (Falling)
[1:35:56 AM] [VUczC#1] bayy: said "/tp,"
[1:36:04 AM] [VUczC#1] bayy: enabled noclip
[1:36:36 AM] [VUczC#1] bayy: became mortal (standard mode)
[1:37:07 AM] [VUczC#1] bayy: disconnected (Exiting)

================================================================
======== txAdmin Starting - 2/27/2023, 1:48:17 AM               
================================================================
[1:48:21 AM] txAdmin: Logger started
[1:50:11 AM] [nDcbh#1] bayy: joined with identifiers [license:854ee8318dc8a6d2587ec081ec7d55afcd163694; live:985155205863489; discord:755398562564538389; license2:854ee8318dc8a6d2587ec081ec7d55afcd163694]
[1:55:38 AM] [nDcbh#1] bayy: died from suicide (Falling)
[1:56:29 AM] [nDcbh#1] bayy: disconnected (Exiting)

================================================================
======== txAdmin Starting - 2/27/2023, 1:56:40 AM               
================================================================
[1:56:47 AM] txAdmin: Logger started
[1:57:42 AM] [w8xtG#1] bayy: joined with identifiers [license:854ee8318dc8a6d2587ec081ec7d55afcd163694; live:985155205863489; discord:755398562564538389; license2:854ee8318dc8a6d2587ec081ec7d55afcd163694]
[2:05:18 AM] [w8xtG#1] bayy: disconnected (Exiting)

================================================================
======== txAdmin Starting - 2/27/2023, 2:06:54 AM               
================================================================
[2:06:58 AM] txAdmin: Logger started

================================================================
======== txAdmin Starting - 2/27/2023, 2:11:33 AM               
================================================================
[2:11:39 AM] txAdmin: Logger started
[2:12:06 AM] [EykEr#1] bayy: joined with identifiers [license:854ee8318dc8a6d2587ec081ec7d55afcd163694; live:985155205863489; discord:755398562564538389; license2:854ee8318dc8a6d2587ec081ec7d55afcd163694]
[2:18:34 AM] [EykEr#1] bayy: disconnected (Exiting)

================================================================
======== txAdmin Starting - 2/27/2023, 2:21:46 AM               
================================================================
[2:21:53 AM] txAdmin: Logger started
[2:22:36 AM] [mYwYg#1] bayy: joined with identifiers [license:854ee8318dc8a6d2587ec081ec7d55afcd163694; live:985155205863489; discord:755398562564538389; license2:854ee8318dc8a6d2587ec081ec7d55afcd163694]
[2:23:21 AM] [mYwYg#1] bayy: teleported to coordinates (x=434.990, y=-975.830, z=30.710)
[2:28:40 AM] [mYwYg#1] bayy: disconnected (Exiting)

================================================================
======== txAdmin Starting - 2/27/2023, 2:30:40 AM               
================================================================
[2:30:46 AM] txAdmin: Logger started
[2:31:17 AM] [xFJNY#1] bayy: joined with identifiers [license:854ee8318dc8a6d2587ec081ec7d55afcd163694; live:985155205863489; discord:755398562564538389; license2:854ee8318dc8a6d2587ec081ec7d55afcd163694]
[2:32:18 AM] [xFJNY#1] bayy: said "tpm"
[2:33:44 AM] [xFJNY#1] bayy: disconnected (Exiting)

================================================================
======== txAdmin Starting - 2/27/2023, 6:54:32 AM               
================================================================

================================================================
======== txAdmin Starting - 2/27/2023, 6:54:54 AM               
================================================================
[6:55:01 AM] txAdmin: Logger started
[6:55:40 AM] [j9aPT#1] bayy: joined with identifiers [license:854ee8318dc8a6d2587ec081ec7d55afcd163694; live:985155205863489; discord:755398562564538389; license2:854ee8318dc8a6d2587ec081ec7d55afcd163694]
[6:56:23 AM] [j9aPT#1] bayy: enabled noclip
[6:56:38 AM] [j9aPT#1] bayy: became mortal (standard mode)
[6:57:21 AM] [j9aPT#1] bayy: disconnected (Exiting)

================================================================
======== txAdmin Starting - 2/27/2023, 6:57:47 AM               
================================================================
[6:57:54 AM] txAdmin: Logger started

================================================================
======== txAdmin Starting - 2/27/2023, 6:58:21 AM               
================================================================
[6:58:25 AM] txAdmin: Logger started
[6:59:00 AM] [VzBNH#1] bayy: joined with identifiers [license:854ee8318dc8a6d2587ec081ec7d55afcd163694; live:985155205863489; discord:755398562564538389; license2:854ee8318dc8a6d2587ec081ec7d55afcd163694]
[7:06:33 AM] [VzBNH#1] bayy: disconnected (Exiting)
[7:08:13 AM] [VzBNH#2] bayy: joined with identifiers [license:854ee8318dc8a6d2587ec081ec7d55afcd163694; live:985155205863489; discord:755398562564538389; license2:854ee8318dc8a6d2587ec081ec7d55afcd163694]
[7:31:07 AM] [VzBNH#2] bayy: disconnected (Exiting)
